{
  "Cucumber Features": {
    "coverage": {
      "C:/Users/danic/Desktop/5 semestre/Inge Soft/ruby/github/vacas-cucumber/app.rb": {
        "lines": [
          1,
          1,
          1,
          null,
          1,
          1,
          null,
          null,
          1,
          0,
          null,
          null,
          1,
          0,
          null,
          null,
          1,
          null,
          0,
          null,
          null,
          null,
          1,
          0,
          0,
          0,
          0,
          0,
          null,
          null,
          1,
          0,
          0,
          0,
          null,
          null,
          null,
          null,
          null,
          1,
          0,
          null,
          null,
          1,
          0,
          null,
          null,
          null,
          1,
          0,
          null,
          null,
          null,
          1,
          0,
          0,
          0,
          null,
          null,
          1,
          0,
          0,
          0,
          0,
          0,
          0,
          0,
          null,
          null,
          0,
          0,
          0,
          null,
          null,
          0,
          null,
          null,
          null,
          null,
          1,
          0,
          0,
          null,
          1,
          0,
          0,
          0,
          null,
          null,
          null,
          1,
          0,
          0,
          0,
          null,
          1,
          null,
          0,
          null,
          null,
          1,
          0,
          0,
          null
        ]
      },
      "C:/Users/danic/Desktop/5 semestre/Inge Soft/ruby/github/vacas-cucumber/lib/User.rb": {
        "lines": [
          null,
          1,
          null,
          1,
          1,
          1,
          1,
          1,
          null,
          null,
          null,
          1,
          0,
          0,
          null,
          0,
          null,
          1,
          0,
          null,
          1,
          0,
          null,
          1,
          0,
          0,
          null,
          0,
          null,
          1,
          0,
          null,
          1,
          0,
          null,
          null,
          1,
          0,
          null,
          null,
          1,
          0,
          null,
          null,
          1,
          0,
          null,
          null,
          1,
          0,
          null,
          null,
          null,
          null,
          null
        ]
      },
      "C:/Users/danic/Desktop/5 semestre/Inge Soft/ruby/github/vacas-cucumber/lib/Game.rb": {
        "lines": [
          null,
          1,
          1,
          1,
          1,
          1,
          null,
          null,
          1,
          0,
          null,
          null,
          null,
          1,
          0,
          0,
          null,
          1,
          0,
          0,
          null,
          1,
          0,
          0,
          null,
          null,
          null,
          1,
          0,
          0,
          null,
          null,
          null,
          1,
          0,
          null,
          null,
          1,
          0,
          null,
          null,
          null,
          1,
          0,
          0,
          null,
          null,
          null,
          1,
          0,
          null,
          null,
          1,
          0,
          0,
          0,
          0,
          0,
          0,
          0,
          0,
          0,
          null,
          null,
          0,
          0,
          null,
          null,
          1,
          0,
          0,
          0,
          null,
          0,
          0,
          0,
          null,
          0,
          null,
          null,
          0,
          null,
          null,
          null,
          null,
          null,
          null,
          1,
          0,
          null,
          null,
          null
        ]
      },
      "C:/Users/danic/Desktop/5 semestre/Inge Soft/ruby/github/vacas-cucumber/features/step_definitions/template_steps.rb": {
        "lines": [
          1,
          0,
          null,
          null,
          1,
          0,
          null,
          null,
          1,
          0,
          null,
          null,
          1,
          0,
          null,
          null,
          1,
          0,
          null,
          null,
          1,
          0,
          null,
          null,
          1,
          0,
          null,
          null,
          null,
          null,
          1,
          null,
          0,
          null,
          0,
          0,
          null,
          null
        ]
      }
    },
    "timestamp": 1591751289
  },
  "RSpec": {
    "coverage": {
      "C:/Users/danic/Desktop/5 semestre/Inge Soft/ruby/github/proyecto final/VacasyToros/spec/user_spec.rb": {
        "lines": [
          1,
          1,
          1,
          1,
          1,
          1,
          null,
          1,
          1,
          1,
          null,
          1,
          1,
          1,
          null,
          1,
          1,
          1,
          1,
          null,
          1,
          1,
          1,
          1,
          null,
          1,
          1,
          1,
          1,
          null,
          null,
          1,
          1,
          1,
          1,
          1,
          null,
          1,
          1,
          1,
          1,
          1,
          null,
          1,
          1,
          1,
          1,
          1,
          null,
          1,
          1,
          1,
          1,
          1,
          null,
          1,
          1,
          1,
          1,
          1,
          null,
          1,
          1,
          1,
          1,
          1,
          null,
          1,
          1,
          1,
          1,
          1,
          null,
          1,
          1,
          1,
          null,
          1,
          1,
          1,
          null,
          1,
          1,
          1,
          1,
          null,
          1,
          1,
          1,
          1,
          1,
          null,
          1,
          1,
          1,
          null,
          1,
          1,
          1,
          1,
          null,
          1,
          1,
          1,
          1,
          null,
          null,
          1,
          1,
          1,
          1,
          null,
          null,
          1,
          1,
          1,
          1,
          null,
          null,
          1,
          1,
          1,
          1,
          null,
          null,
          1,
          1,
          1,
          null,
          null,
          1,
          1,
          1,
          1,
          null,
          null,
          1,
          1,
          1,
          null,
          1,
          1,
          1,
          1,
          null,
          1,
          1,
          1,
          1,
          1,
          null,
          1,
          1,
          1,
          1,
          1,
          null,
          1,
          1,
          1,
          1,
          1,
          null,
          1,
          1,
          1,
          1,
          1,
          1,
          null,
          1,
          1,
          1,
          1,
          1,
          1,
          null,
          1,
          1,
          1,
          1,
          1,
          1,
          null,
          null,
          1,
          1,
          1,
          1,
          1,
          null,
          1,
          1,
          1,
          1,
          null,
          null,
          null
        ]
      },
      "C:/Users/danic/Desktop/5 semestre/Inge Soft/ruby/github/proyecto final/VacasyToros/lib/User.rb": {
        "lines": [
          1,
          1,
          28,
          28,
          28,
          28,
          null,
          1,
          2,
          1,
          null,
          2,
          null,
          1,
          2,
          null,
          1,
          6,
          null,
          1,
          2,
          1,
          null,
          2,
          null,
          1,
          1,
          null,
          1,
          1,
          null,
          1,
          2,
          null,
          1,
          1,
          null,
          1,
          1,
          null,
          1,
          2,
          null,
          null
        ]
      },
      "C:/Users/danic/Desktop/5 semestre/Inge Soft/ruby/github/proyecto final/VacasyToros/lib/Game.rb": {
        "lines": [
          null,
          1,
          1,
          23,
          23,
          23,
          null,
          1,
          4,
          null,
          1,
          1,
          1,
          null,
          1,
          1,
          1,
          null,
          1,
          1,
          1,
          null,
          null,
          1,
          1,
          null,
          null,
          1,
          null,
          0,
          0,
          0,
          null,
          0,
          null,
          null,
          1,
          2,
          2,
          null,
          null,
          null,
          1,
          6,
          null,
          null,
          1,
          14,
          null,
          1,
          12,
          12,
          null,
          null,
          null,
          1,
          5,
          null,
          null,
          1,
          6,
          6,
          6,
          6,
          6,
          18,
          6,
          null,
          12,
          3,
          null,
          null,
          null,
          6,
          6,
          null,
          1,
          3,
          3,
          0,
          null,
          3,
          2,
          1,
          null,
          1,
          null,
          null,
          1,
          null,
          null,
          1,
          0,
          null,
          1,
          null,
          null,
          3,
          3,
          3,
          26,
          null,
          2,
          null,
          1,
          null,
          2,
          null,
          1,
          null,
          1,
          null,
          1,
          null,
          5,
          null,
          9,
          null,
          2,
          null,
          2,
          null,
          null,
          3,
          3,
          null,
          1,
          null,
          null,
          1,
          1,
          1,
          10,
          null,
          1,
          null,
          1,
          null,
          1,
          null,
          1,
          null,
          1,
          null,
          1,
          null,
          1,
          null,
          1,
          null,
          1,
          null,
          1,
          null,
          null,
          1,
          null,
          null
        ]
      }
    },
    "timestamp": 1591968136
  }
}
